<?xml version="1.0" encoding="UTF-8"?>
<!-- Generated by org.testng.reporters.JUnitReportReporter -->
<testsuite skipped="0" hostname="002AMBBLR-Naveenkumar-BS.local" name="Academy.E2EDemo.HomePage" tests="2" failures="0" timestamp="2021-09-06T07:03:19 IST" time="18.426" errors="0">
  <testcase name="basePageNavigation" time="6.956" classname="Academy.E2EDemo.HomePage"/>
  <system-out/>
  <testcase name="basePageNavigation" time="11.470" classname="Academy.E2EDemo.HomePage"/>
  <system-out/>
</testsuite> <!-- Academy.E2EDemo.HomePage -->
