<?xml version="1.0" encoding="UTF-8"?>
<!-- Generated by org.testng.reporters.JUnitReportReporter -->
<testsuite skipped="0" hostname="002AMBBLR-Naveenkumar-BS.local" name="Academy.E2EDemo.ValidateNaviagtionbar" tests="1" failures="0" timestamp="2021-09-06T07:03:14 IST" time="0.132" errors="0">
  <testcase name="basePageNavigation" time="0.132" classname="Academy.E2EDemo.ValidateNaviagtionbar"/>
  <system-out/>
</testsuite> <!-- Academy.E2EDemo.ValidateNaviagtionbar -->
