<?xml version="1.0" encoding="UTF-8"?>
<!-- Generated by org.testng.reporters.JUnitReportReporter -->
<testsuite skipped="0" hostname="002AMBBLR-Naveenkumar-BS.local" name="Academy.E2EDemo.ValidateTitle" tests="1" failures="0" timestamp="2021-09-06T07:03:09 IST" time="0.174" errors="0">
  <testcase name="basePageNavigation" time="0.174" classname="Academy.E2EDemo.ValidateTitle"/>
  <system-out/>
</testsuite> <!-- Academy.E2EDemo.ValidateTitle -->
