<?xml version="1.0" encoding="UTF-8"?>
<!-- Generated by org.testng.reporters.JUnitReportReporter -->
<testsuite skipped="0" hostname="002AMBBLR-Naveenkumar-BS.local" name="Academy.E2EDemo.HomePage" tests="2" failures="0" timestamp="2021-09-04T09:30:19 IST" time="10.538" errors="0">
  <testcase name="basePageNavigation" time="3.965" classname="Academy.E2EDemo.HomePage"/>
  <system-out/>
  <testcase name="basePageNavigation" time="6.573" classname="Academy.E2EDemo.HomePage"/>
  <system-out/>
</testsuite> <!-- Academy.E2EDemo.HomePage -->
